37:./src/fbp/Node.moon
3 0 0 3 0 6 9 0 3 6 0 6 9 0 3 6 0 3 6 0 21 21 21 24 3 3 3 3 0 21 21 21 3 3 3 3 3 
22:./src/fbp/Port.moon
6 0 0 6 6 12 0 15 21 6 6 6 6 0 15 15 15 6 6 6 6 6 
163:/data/data/com.termux/files/usr/share/lua/5.3/busted/block.lua
0 0 0 0 0 0 0 0 0 0 0 0 0 0 0 3 3 0 3 408 0 408 411 0 3 24 24 432 408 384 0 0 27 0 0 0 0 0 0 3 0 3 96 0 96 72 72 0 0 0 0 96 33 0 96 96 63 0 0 33 33 0 0 0 0 0 0 33 0 33 3 0 3 138 0 138 72 72 0 0 0 0 138 0 138 138 0 0 0 0 0 138 3 0 3 171 171 0 171 171 0 0 0 0 0 0 171 72 0 0 0 171 3 0 3 24 3 0 3 42 33 33 0 45 0 3 42 3 0 3 42 3 0 3 39 0 39 39 39 0 0 0 0 39 0 39 39 0 39 0 0 0 0 39 39 0 0 39 39 0 42 0 3 
30:/data/data/com.termux/files/usr/share/lua/5.3/busted/compatibility.lua
0 0 24 24 24 0 0 60 60 60 0 24 0 0 0 15 15 15 0 0 15 15 15 0 15 15 15 0 0 15 
124:/data/data/com.termux/files/usr/share/lua/5.3/busted/context.lua
0 0 0 15 585 570 0 15 15 15 15 15 0 0 0 15 585 570 0 1794 1779 0 15 0 0 0 0 0 0 0 0 0 0 0 0 0 0 0 0 0 0 0 0 0 0 0 0 0 0 0 0 0 0 0 0 0 0 0 63 63 15 48 0 48 0 0 63 63 0 0 63 63 0 0 63 15 0 63 0 0 630 0 0 0 0 0 0 0 0 0 0 0 0 0 0 0 0 0 63 63 63 63 0 0 45 0 0 0 2502 0 0 0 258 258 258 258 258 0 0 258 258 258 258 258 
315:/data/data/com.termux/files/usr/share/lua/5.3/busted/core.lua
0 0 0 0 0 0 0 0 0 0 0 0 0 0 0 0 0 0 0 0 0 0 0 0 0 0 0 0 0 0 0 0 0 0 0 0 0 0 0 0 15 0 0 0 0 0 0 0 0 0 0 0 0 0 0 0 0 0 0 0 0 0 0 0 0 0 0 0 0 48 48 0 48 48 600 498 552 552 0 0 48 48 0 48 48 0 0 0 0 0 0 0 0 0 0 0 0 0 0 0 0 0 0 0 198 0 0 0 93 0 0 0 0 0 0 0 48 0 72 72 6 6 6 6 6 6 0 0 66 42 42 42 42 42 0 0 24 0 0 0 0 0 0 0 0 0 0 0 0 0 0 0 0 0 0 0 0 0 0 0 0 0 0 0 0 0 15 0 15 0 15 0 0 258 258 258 0 516 0 0 0 516 0 258 0 0 0 0 0 0 0 0 0 0 0 0 0 0 0 0 0 0 258 0 258 258 0 0 0 132 132 132 66 66 66 66 66 66 0 264 132 264 132 0 0 0 0 0 0 0 0 0 0 0 0 0 0 0 0 0 0 0 0 0 0 0 0 0 0 0 0 0 0 0 0 0 0 0 63 0 0 0 0 63 0 63 63 48 0 0 0 63 126 0 63 63 0 0 0 0 0 0 63 63 63 63 63 63 63 63 63 63 63 63 0 0 63 0 63 33 0 30 0 63 0 0 0 42 105 63 63 126 63 0 42 
31:/data/data/com.termux/files/usr/share/lua/5.3/busted/environment.lua
0 0 0 0 0 0 0 2265 0 2250 1794 2250 0 0 0 0 0 0 0 0 471 0 0 0 0 0 0 0 0 0 15 
72:/data/data/com.termux/files/usr/share/lua/5.3/busted/execute.lua
3 3 3 0 0 0 0 0 0 0 0 0 3 0 0 3 0 0 3 3 0 0 0 0 0 0 0 0 0 0 0 0 0 0 0 0 0 0 3 0 6 3 0 0 0 0 0 3 0 3 0 0 0 0 3 3 3 3 0 3 3 0 3 0 3 0 0 0 6 0 3 3 
127:/data/data/com.termux/files/usr/share/lua/5.3/busted/init.lua
0 0 0 0 15 15 15 0 15 15 0 0 24 24 24 0 24 24 0 0 24 24 0 24 0 0 0 0 24 0 24 24 24 0 24 0 24 24 24 24 24 0 0 0 0 0 0 24 0 0 24 24 0 0 0 0 0 0 0 0 0 0 0 0 0 0 0 0 0 0 0 0 0 0 0 0 0 0 0 0 0 0 0 0 0 0 0 0 0 0 0 0 0 0 0 0 0 0 0 0 0 0 0 0 0 0 0 0 0 0 0 0 0 0 0 0 0 0 0 0 0 0 0 0 0 0 123 
50:/data/data/com.termux/files/usr/share/lua/5.3/busted/languages/en.lua
3 0 3 0 0 3 3 3 3 0 3 3 3 3 0 3 3 3 3 0 3 3 3 3 0 3 0 3 3 0 0 3 3 3 3 3 3 3 3 3 0 3 3 3 3 3 3 0 3 3 
23:/data/data/com.termux/files/usr/share/lua/5.3/busted/modules/files/lua.lua
3 0 3 0 0 0 0 0 3 0 0 15 3 0 0 0 0 0 0 0 3 0 3 
107:/data/data/com.termux/files/usr/share/lua/5.3/busted/modules/files/moonscript.lua
3 0 6 3 3 0 3 0 0 0 96 6 6 6 0 0 96 3 0 0 162 162 186 150 96 0 0 0 0 66 3 0 0 0 0 114 3 0 0 0 192 0 192 0 192 66 66 66 66 0 0 0 192 48 0 48 48 0 144 96 96 96 96 0 0 48 3 0 3 0 0 48 48 0 48 48 48 48 0 48 3 0 0 0 0 0 0 0 0 0 0 0 3 0 0 15 3 0 0 15 15 0 0 15 3 0 3 
129:/data/data/com.termux/files/usr/share/lua/5.3/busted/modules/filter_loader.lua
0 0 0 24 24 0 72 72 48 48 0 0 24 3 0 0 0 0 3 0 0 48 0 0 0 0 48 3 0 0 24 24 0 0 0 0 24 3 0 0 48 0 0 0 0 48 3 0 0 24 0 0 0 0 24 3 0 0 0 0 0 0 0 0 0 0 0 3 0 0 0 3 0 3 0 0 0 0 0 0 3 0 0 0 3 0 0 24 42 30 0 0 27 0 0 0 0 0 0 0 0 3 0 3 0 0 0 0 0 0 0 0 0 0 0 0 0 0 3 3 3 3 0 0 3 3 3 3 3 
34:/data/data/com.termux/files/usr/share/lua/5.3/busted/modules/output_handler_loader.lua
0 0 0 0 0 0 3 0 3 6 3 0 3 0 0 3 0 6 0 3 0 0 0 3 0 0 0 0 3 0 0 0 3 3 
101:/data/data/com.termux/files/usr/share/lua/5.3/busted/modules/test_file_loader.lua
3 0 0 3 3 3 3 0 9 6 6 0 0 0 3 0 3 0 3 3 3 0 6 33 33 0 0 0 0 51 33 15 0 0 18 6 0 6 15 0 0 15 0 6 0 0 0 0 0 3 3 3 0 0 3 6 3 0 3 3 0 0 0 30 30 15 0 0 3 0 0 3 0 18 15 0 15 30 15 15 15 15 0 0 15 0 0 0 3 0 0 0 0 0 0 0 3 3 0 3 3 
179:/data/data/com.termux/files/usr/share/lua/5.3/busted/outputHandlers/base.lua
0 3 3 3 3 3 3 3 3 3 3 3 0 0 0 72 3 0 0 3 3 0 3 0 0 0 3 3 3 3 3 3 3 3 3 3 6 0 0 24 24 0 72 72 0 48 48 0 0 24 3 0 0 0 24 288 264 216 0 0 24 24 0 24 24 24 24 24 24 24 0 24 0 24 3 0 0 3 0 0 0 3 3 0 0 3 3 3 3 0 0 0 0 0 0 0 0 0 0 0 0 0 3 0 0 3 3 3 3 0 0 24 24 3 0 0 24 0 24 24 24 0 0 0 0 0 0 0 0 0 0 0 0 0 24 0 24 24 24 0 0 0 24 0 0 24 0 24 3 0 0 0 0 0 0 3 0 0 0 0 3 0 0 0 0 0 3 0 0 0 0 0 0 0 0 3 0 3 3 
188:/data/data/com.termux/files/usr/share/lua/5.3/busted/outputHandlers/utfTerminal.lua
3 3 3 0 3 0 3 0 0 0 3 0 0 0 3 3 0 3 3 3 3 0 0 0 0 0 0 0 0 0 0 0 0 0 0 0 0 3 0 0 0 0 0 0 0 0 0 0 0 0 3 0 0 0 0 0 0 0 0 0 0 0 0 0 0 0 0 0 0 0 0 0 0 0 0 3 0 0 3 3 3 3 0 3 3 3 3 3 0 3 0 3 0 0 0 3 3 0 0 0 0 3 3 0 0 0 0 3 3 0 0 0 0 3 0 3 3 3 3 3 3 0 0 24 24 0 24 0 24 0 24 0 0 0 24 24 0 0 24 3 0 0 3 3 3 0 3 3 0 0 3 3 0 3 0 0 0 0 3 0 0 0 0 3 0 0 0 0 3 3 0 0 0 0 0 0 3 0 3 3 3 3 3 3 3 0 3 3 
208:/data/data/com.termux/files/usr/share/lua/5.3/busted/runner.lua
0 0 0 0 0 0 0 0 0 0 0 0 0 0 0 0 0 0 0 0 0 0 0 0 0 0 0 0 0 0 0 0 0 0 0 0 0 0 0 0 0 0 0 0 0 0 0 0 0 0 0 0 0 0 0 0 0 0 0 3 0 0 0 0 0 0 3 0 0 0 0 3 0 0 0 0 0 3 3 0 0 3 3 0 0 0 3 3 0 0 0 0 0 3 3 3 0 6 0 0 3 0 6 0 0 3 0 6 0 0 0 3 0 6 0 0 0 0 0 0 0 3 0 0 3 3 3 0 0 6 3 3 3 3 3 3 3 0 0 0 3 3 0 0 0 0 0 0 0 0 0 0 0 0 0 0 0 0 0 3 0 0 0 0 0 0 0 0 6 3 3 3 3 3 3 3 0 0 3 0 3 3 3 6 3 3 3 3 0 0 0 0 0 0 3 3 6 3 3 3 0 0 3 0 3 0 0 3 
42:/data/data/com.termux/files/usr/share/lua/5.3/busted/status.lua
0 306 306 306 306 306 306 306 306 0 306 0 0 0 282 282 453 282 282 282 0 0 0 282 0 0 0 282 0 0 0 24 24 24 0 306 0 0 564 282 330 282 
35:/data/data/com.termux/files/usr/share/lua/5.3/busted/utils.lua
0 0 0 3 3 15 12 12 0 0 3 0 0 0 0 0 0 0 0 0 0 0 0 0 0 0 3 3 3 3 3 15 12 0 3 
65:/data/data/com.termux/files/usr/share/lua/5.3/luarocks/core/path.lua
0 0 0 0 0 0 0 0 0 0 0 0 0 0 0 0 0 0 0 0 0 0 0 0 0 0 0 0 0 0 0 0 0 0 0 0 0 0 0 0 0 0 0 0 27 0 27 27 27 0 0 0 0 0 0 0 0 0 0 0 0 0 27 27 27 
89:/data/data/com.termux/files/usr/share/lua/5.3/luarocks/core/vers.lua
0 0 0 0 0 0 0 0 0 0 0 0 0 0 0 0 0 0 0 0 0 0 0 0 0 0 0 0 0 0 0 0 0 0 0 0 0 0 0 0 0 0 0 0 0 0 0 0 0 0 0 0 0 0 0 0 0 0 0 0 0 0 0 0 0 0 0 0 0 0 0 0 0 0 0 0 0 0 0 0 0 0 0 6 6 0 6 6 6 
261:/data/data/com.termux/files/usr/share/lua/5.3/luarocks/loader.lua
0 0 0 0 0 0 0 0 0 0 0 0 0 0 0 0 0 0 0 0 0 0 0 0 0 0 0 0 0 0 0 0 0 0 0 0 0 0 0 0 0 0 0 0 0 0 0 0 0 0 0 0 0 0 0 0 0 0 0 0 0 0 0 0 0 0 0 0 0 0 0 0 0 0 0 0 0 0 0 0 0 0 0 0 0 6 0 0 0 0 0 0 6 6 0 0 0 0 0 0 0 0 0 0 0 0 0 0 0 0 0 0 0 0 0 0 0 0 0 0 0 0 0 0 0 0 0 0 0 0 0 0 0 0 0 0 0 0 0 0 0 0 0 0 0 0 0 0 0 0 24 24 18 18 6 0 0 0 0 0 0 0 33 27 27 27 0 0 27 27 21 0 6 6 0 6 0 0 0 0 0 0 0 0 0 0 0 0 0 0 0 0 0 36 0 0 0 36 36 72 36 36 27 0 9 9 9 0 0 0 0 0 36 6 6 6 0 30 0 0 0 0 0 0 0 0 0 0 72 27 0 0 27 36 0 0 0 0 0 0 0 0 0 0 0 0 0 0 0 0 0 0 0 0 0 36 36 30 0 6 6 
177:/data/data/com.termux/files/usr/share/lua/5.3/luassert/assert.lua
0 0 0 0 0 0 0 0 0 0 0 0 0 0 0 0 0 0 0 0 0 0 0 0 0 0 24 0 24 0 72 48 0 0 24 72 48 24 0 0 0 24 24 24 0 24 0 0 0 0 0 0 0 0 24 0 0 24 0 0 0 0 0 0 0 0 0 0 0 0 0 0 0 0 96 48 0 0 48 0 0 0 0 24 0 0 0 0 0 0 0 0 0 0 0 0 0 0 0 0 0 0 0 0 0 0 0 0 0 0 0 0 0 0 0 0 0 0 0 0 0 0 0 0 0 0 0 0 0 0 0 0 0 0 0 0 0 0 0 0 0 0 0 0 0 0 0 0 0 0 0 0 0 0 0 0 0 0 0 0 0 0 0 0 0 0 0 0 24 0 0 0 24 0 0 0 24 
141:/data/data/com.termux/files/usr/share/lua/5.3/luassert/assertions.lua
0 0 0 0 0 0 0 0 0 0 0 0 0 0 0 0 0 0 24 0 0 24 0 0 0 0 0 0 0 0 0 0 0 0 0 0 0 0 0 0 0 0 0 0 0 0 0 0 0 0 0 0 0 0 0 0 0 0 0 0 0 0 0 0 0 0 0 0 0 0 0 0 0 0 0 0 0 0 0 0 0 0 0 0 0 0 0 0 0 0 0 0 0 0 0 0 0 0 0 0 0 0 0 0 0 0 0 0 0 0 0 0 6 6 6 6 0 6 6 6 0 0 0 18 18 18 18 0 0 0 0 0 0 0 0 0 18 0 18 18 18 
5:/data/data/com.termux/files/usr/share/lua/5.3/luassert/modifiers.lua
0 0 0 0 24 
283:/data/data/com.termux/files/usr/share/lua/5.3/luassert/util.lua
0 0 0 0 0 0 0 0 0 0 0 0 0 0 0 0 0 0 0 0 0 0 0 0 0 0 0 0 0 0 0 0 0 0 0 0 0 0 0 0 0 0 0 0 0 0 0 0 0 0 0 0 0 0 0 0 0 0 0 0 0 0 0 0 0 0 0 0 0 0 0 0 0 0 0 0 0 0 0 0 0 0 0 0 0 0 0 0 0 0 0 0 0 0 0 0 0 0 0 0 0 0 0 0 0 0 0 0 0 0 0 0 0 0 0 0 0 0 0 0 0 0 0 0 0 0 0 0 0 0 0 0 0 0 0 0 0 0 0 0 0 0 0 0 0 0 0 0 0 0 0 0 0 24 24 24 24 24 24 0 0 0 0 24 24 0 24 0 0 0 0 0 48 24 0 0 24 24 0 0 0 0 0 0 0 0 0 24 24 0 24 0 0 0 0 0 24 0 48 24 0 0 24 24 24 0 0 0 0 0 0 0 0 0 0 0 0 0 0 0 0 0 0 0 0 0 0 0 0 0 0 0 24 24 24 24 48 24 24 24 0 24 24 0 0 0 0 0 0 0 0 24 0 0 24 24 24 72 48 48 0 0 48 48 0 0 0 0 0 0 48 48 48 0 48 0 0 0 24 0 0 0 24 
154:/data/data/com.termux/files/usr/share/lua/5.3/mediator.lua
0 93 0 0 0 93 93 93 93 0 0 0 0 0 93 0 93 93 0 0 0 0 0 75 75 75 75 75 75 0 0 93 93 0 93 0 93 60 60 0 45 0 0 93 0 93 75 0 0 0 0 0 0 0 0 0 0 0 0 75 0 0 0 0 0 0 0 0 75 0 0 75 75 75 0 0 0 75 0 0 564 75 0 0 0 0 0 0 0 0 0 0 0 75 0 0 693 291 0 0 291 0 291 0 291 291 0 0 0 402 267 0 135 0 75 75 0 0 0 0 0 0 0 0 0 0 0 0 0 0 0 291 0 855 564 0 0 291 0 0 0 93 0 0 0 0 0 0 0 0 0 0 0 198 
109:/data/data/com.termux/files/usr/share/lua/5.3/moonscript/base.lua
0 0 0 0 0 0 0 0 0 0 0 0 0 0 0 0 0 0 0 0 0 0 0 0 0 0 0 0 0 0 0 0 0 0 0 0 0 0 0 0 0 0 0 0 0 0 0 0 24 0 0 24 0 0 0 24 24 0 0 24 24 0 0 24 0 0 36 36 288 261 261 261 0 0 0 36 9 9 9 9 0 0 9 0 27 0 0 24 24 24 24 0 0 24 24 0 48 24 0 48 0 0 15 15 0 0 15 15 15 
730:/data/data/com.termux/files/usr/share/lua/5.3/moonscript/compile.lua
0 0 0 0 0 0 0 0 0 0 0 0 0 0 0 0 0 0 0 0 0 0 0 0 0 0 0 0 0 0 0 837 837 0 837 837 0 837 0 1539 1539 402 1137 9 0 1128 0 1539 0 0 168 24 0 168 24 0 168 867 699 699 555 555 555 0 0 555 144 144 144 0 0 0 0 168 0 0 168 24 0 168 24 0 867 699 699 699 0 0 0 699 699 555 507 0 555 555 252 252 0 0 0 555 144 144 0 0 0 0 168 0 0 0 0 0 0 0 0 0 0 0 0 0 0 0 0 0 0 0 0 0 0 0 339 339 0 0 0 0 0 339 339 339 0 0 0 0 0 0 0 0 0 0 945 522 522 99 0 0 423 0 0 6300 1005 774 0 3888 2883 2883 1005 0 5295 0 6300 1008 0 5292 0 402 402 0 537 537 402 2496 2094 2094 2094 147 564 417 417 282 0 135 135 135 0 147 0 1947 0 0 402 402 0 402 0 0 0 0 0 0 0 1407 0 0 0 0 0 1407 1407 1407 0 0 0 0 0 0 0 0 0 0 0 0 0 0 0 0 0 0 0 0 0 0 0 0 0 0 0 0 0 0 0 0 0 0 0 0 0 0 0 0 0 0 0 0 0 0 0 0 0 0 0 63 63 0 21 0 0 0 0 0 78 78 0 0 0 0 0 9 9 9 0 0 0 0 201 201 201 201 0 0 201 36 165 138 27 27 0 201 0 0 201 0 201 201 402 201 0 201 201 201 72 0 0 129 129 0 0 0 129 129 129 129 0 201 0 0 0 201 0 201 0 0 0 0 0 129 0 0 129 0 0 129 0 198 198 198 0 198 0 0 198 198 0 525 0 0 525 525 342 342 0 0 183 0 0 0 0 0 0 0 0 0 0 0 0 0 0 0 0 0 0 27 27 27 54 54 27 27 0 54 27 27 0 27 0 0 27 0 0 0 0 0 0 0 0 0 0 0 0 0 0 0 0 411 411 411 0 0 0 411 0 0 156 156 156 0 0 0 156 12 0 144 144 144 0 0 156 0 0 156 0 0 0 843 843 843 0 0 0 0 0 0 93 93 0 0 45 45 0 0 0 0 0 990 990 990 27 0 963 0 990 990 0 0 0 0 0 0 990 990 705 0 396 396 396 0 0 705 0 990 0 0 168 0 168 504 168 168 435 267 267 267 0 168 336 168 0 0 0 477 0 0 477 477 0 477 477 432 0 45 45 0 0 0 0 0 0 0 0 0 0 0 0 0 477 318 156 0 318 0 477 0 0 147 0 0 147 147 147 624 477 477 0 147 147 147 0 0 0 0 0 0 0 0 0 0 0 0 0 180 180 180 180 180 0 180 180 180 180 0 180 156 156 312 156 0 312 156 156 0 24 0 24 0 0 0 0 0 156 156 156 0 0 0 0 0 0 0 0 0 0 0 0 0 24 24 0 24 0 0 24 24 15 0 24 0 0 0 0 0 0 24 24 24 0 0 0 0 0 0 0 0 0 0 0 0 0 0 0 0 0 24 24 24 0 0 0 0 0 0 0 0 0 0 0 0 0 0 0 0 0 0 0 0 0 0 0 0 0 0 0 0 0 0 0 0 0 0 0 24 0 0 24 24 48 24 24 24 24 0 0 0 0 0 0 0 0 0 0 0 0 0 0 0 0 24 24 24 
239:/data/data/com.termux/files/usr/share/lua/5.3/moonscript/compile/statement.lua
0 0 0 0 0 0 0 0 0 0 0 0 0 0 0 0 0 0 0 0 0 27 27 27 0 18 54 18 18 36 18 18 18 0 18 36 18 0 0 9 0 0 0 0 0 0 0 0 0 0 0 0 0 0 0 0 0 0 0 174 174 174 174 174 348 174 0 0 174 0 0 174 174 111 0 63 0 0 189 63 63 126 63 63 63 0 63 126 0 174 522 174 174 348 174 174 174 0 174 348 174 0 0 0 144 72 72 0 72 0 0 0 0 0 0 0 0 0 0 0 0 0 0 0 0 0 0 0 0 0 0 0 0 0 0 0 0 0 0 0 0 0 0 0 0 0 0 0 0 0 0 0 0 0 0 0 0 0 0 0 0 0 0 0 0 0 0 0 0 0 0 0 0 0 0 0 0 0 0 0 0 0 0 0 0 0 0 0 0 0 0 0 0 0 0 0 0 0 0 0 0 0 0 0 0 0 0 0 0 0 0 0 0 0 0 0 0 0 0 0 0 0 0 0 0 87 87 0 0 36 0 0 0 9 9 9 0 0 27 
323:/data/data/com.termux/files/usr/share/lua/5.3/moonscript/compile/value.lua
0 0 0 0 0 0 0 0 0 0 0 0 0 0 0 0 0 0 0 0 21 21 21 0 21 21 21 0 0 0 0 0 0 0 0 0 0 0 0 0 0 0 0 0 0 0 0 0 0 0 0 0 0 0 0 0 0 0 0 0 0 0 0 0 0 0 0 0 0 0 0 0 0 120 120 120 120 0 120 0 0 243 243 243 243 0 0 0 0 0 0 243 0 0 0 0 0 0 0 243 0 327 327 168 159 12 147 129 18 18 0 0 0 0 0 243 243 0 0 243 243 0 0 243 0 243 570 327 327 0 243 0 243 0 0 78 78 78 78 0 78 78 117 39 39 39 39 0 0 0 0 0 0 39 0 0 39 39 39 0 78 0 78 21 0 0 78 78 0 0 138 60 60 0 78 0 0 0 0 0 0 0 0 0 0 0 0 0 0 0 0 0 0 0 0 0 0 0 0 0 0 0 0 0 78 0 78 78 78 0 0 0 0 78 0 78 0 0 0 0 0 0 78 78 0 0 0 0 0 0 0 0 0 0 0 78 78 0 0 0 69 0 69 69 0 93 93 93 0 0 0 0 0 0 93 93 93 0 0 0 93 93 0 0 0 69 69 69 162 93 93 36 0 93 0 0 69 0 0 0 0 0 0 108 0 0 0 0 0 0 0 0 0 0 0 0 0 0 27 0 0 0 0 0 0 0 0 0 0 0 0 297 297 0 0 0 297 0 0 27 9 0 27 
50:/data/data/com.termux/files/usr/share/lua/5.3/moonscript/data.lua
0 0 0 0 0 0 0 0 0 0 0 0 0 0 0 0 0 0 0 0 0 0 78 0 0 126 126 0 0 126 0 0 0 579 0 0 0 0 0 48 48 0 0 0 0 0 0 48 48 48 
243:/data/data/com.termux/files/usr/share/lua/5.3/moonscript/parse.lua
0 0 0 0 0 0 0 0 0 0 0 0 0 0 0 0 0 0 0 0 0 0 0 0 0 0 0 0 0 0 0 0 0 0 0 24 24 24 24 0 24 0 297 297 24 24 0 282 282 78 78 0 228 24 0 0 0 24 24 0 78 78 24 24 0 0 0 0 0 0 24 24 0 0 0 24 24 0 0 0 24 24 24 24 24 0 960 960 24 24 0 360 360 48 48 0 360 24 48 690 0 0 690 48 24 24 24 48 24 24 24 24 24 24 24 24 24 24 24 24 24 24 24 24 24 24 24 24 24 24 24 24 24 24 24 24 24 24 24 24 24 24 24 24 24 24 24 24 24 24 24 24 24 24 24 24 24 24 24 24 24 24 24 24 24 24 24 24 24 24 24 24 24 24 24 24 24 24 24 24 24 24 24 24 24 24 24 24 24 24 24 24 24 24 24 24 24 24 24 24 24 24 24 0 0 0 24 24 24 0 24 48 24 48 0 24 24 0 0 24 0 0 0 0 0 0 0 0 0 0 0 0 0 0 24 24 24 0 0 0 0 0 24 
62:/data/data/com.termux/files/usr/share/lua/5.3/moonscript/parse/env.lua
0 0 0 0 0 0 0 0 0 0 0 0 0 0 0 0 0 0 0 0 0 0 0 0 0 0 0 0 0 0 0 0 0 0 0 0 0 0 0 0 0 0 0 0 0 0 0 0 0 0 0 0 0 0 0 5598 5598 78 0 5520 5520 5520 
10:/data/data/com.termux/files/usr/share/lua/5.3/moonscript/parse/literals.lua
0 0 0 0 0 0 0 0 0 72 
258:/data/data/com.termux/files/usr/share/lua/5.3/moonscript/parse/util.lua
0 0 0 0 0 0 0 0 0 0 0 0 0 579 2889 2310 2310 2310 0 0 0 0 579 0 0 0 0 0 0 0 168 0 0 0 0 0 0 0 0 0 0 0 0 0 0 0 0 0 0 0 0 0 0 0 0 0 0 0 0 0 0 0 0 0 0 0 0 0 0 0 0 0 0 0 0 0 0 0 0 0 0 0 0 0 0 0 0 0 0 0 0 0 0 0 0 0 0 0 1059 1059 0 1059 1392 0 0 0 192 1203 1203 0 1203 192 0 0 0 0 0 0 0 0 0 0 0 0 0 0 720 720 0 0 0 24 0 0 0 0 0 0 0 0 0 120 0 0 120 120 108 12 12 0 0 0 0 0 0 0 0 0 0 0 0 0 0 0 0 0 219 99 0 240 120 120 0 0 0 0 0 0 120 120 120 120 120 120 120 120 0 0 0 0 0 0 0 0 0 0 0 0 0 0 0 0 0 0 0 0 0 0 0 1704 0 0 0 216 0 0 0 48 48 24 24 0 24 0 48 0 0 0 0 0 0 0 0 0 0 0 0 390 249 0 141 141 0 141 141 42 42 0 99 99 99 0 99 0 0 0 219 219 
485:/data/data/com.termux/files/usr/share/lua/5.3/moonscript/transform/class.lua
0 0 0 0 0 0 0 0 0 0 0 0 0 0 0 0 0 0 0 0 0 0 0 0 0 0 0 0 0 0 0 0 0 0 0 0 0 0 0 0 0 0 0 0 0 0 0 0 0 0 0 0 0 0 0 0 0 0 0 0 0 0 0 0 0 0 0 0 0 0 0 0 0 0 0 0 0 0 0 0 0 0 0 0 0 0 0 0 0 0 0 0 0 21 21 21 42 21 21 21 21 21 42 21 21 21 0 0 9 9 9 0 9 9 9 9 9 0 0 9 9 0 0 9 9 9 30 21 21 21 0 21 42 21 21 0 0 0 0 0 0 0 0 21 0 0 0 0 9 0 9 9 30 21 0 21 21 21 21 9 9 0 0 12 12 12 12 12 12 0 12 12 12 0 21 0 0 0 9 0 9 0 0 0 0 0 0 0 0 0 0 0 0 0 0 0 0 0 0 0 0 0 0 0 0 9 9 9 0 0 0 0 0 0 0 0 0 0 0 0 0 9 0 0 9 9 9 9 0 0 0 0 0 9 9 9 0 9 0 18 0 9 18 9 0 9 9 0 9 0 9 0 9 0 9 9 0 0 0 9 9 9 0 0 0 0 0 0 0 0 0 0 0 0 0 0 0 0 0 0 0 0 0 0 0 0 0 0 0 0 0 0 0 0 0 0 0 0 0 0 0 0 0 0 0 0 0 0 0 0 0 0 0 0 0 0 0 0 0 0 0 0 0 0 0 0 0 0 0 0 0 0 0 0 0 0 0 9 0 18 0 9 0 9 0 9 18 9 0 0 9 0 0 9 9 9 18 9 0 9 0 9 0 9 9 9 18 9 0 9 0 9 0 9 9 9 0 9 0 9 9 18 9 0 9 0 9 0 9 9 18 9 0 9 18 9 9 0 18 0 9 0 0 9 9 0 9 0 9 9 18 9 0 9 9 9 0 0 0 0 0 0 0 0 0 0 0 0 0 0 9 9 9 18 9 0 0 0 0 0 18 9 0 0 0 0 0 0 0 0 0 0 0 0 0 9 18 9 9 9 9 0 9 9 9 9 0 9 9 18 18 9 9 18 9 0 9 0 9 0 9 9 18 0 9 
41:/data/data/com.termux/files/usr/share/lua/5.3/moonscript/transform/destructure.lua
0 0 0 0 0 0 0 0 0 0 0 0 0 0 0 0 0 0 0 0 0 0 0 0 0 0 0 0 0 0 0 0 0 0 348 174 174 0 0 0 174 
98:/data/data/com.termux/files/usr/share/lua/5.3/moonscript/transform/names.lua
0 0 0 0 0 0 0 0 0 0 0 0 0 0 0 0 0 0 0 0 0 0 0 0 0 0 0 0 0 0 0 0 0 0 0 0 144 144 0 144 27 0 144 0 0 18 18 0 18 36 18 18 18 0 18 0 0 0 0 18 0 0 0 0 0 0 0 0 0 0 0 0 0 0 0 0 0 0 0 0 0 0 0 0 0 0 0 36 36 36 0 0 0 0 0 36 36 36 
423:/data/data/com.termux/files/usr/share/lua/5.3/moonscript/transform/statement.lua
0 0 0 0 0 0 0 0 0 0 0 0 0 0 0 0 0 0 0 0 0 0 0 0 0 0 0 0 0 0 0 0 0 0 0 0 0 0 0 0 0 0 0 0 0 0 0 0 0 0 0 0 0 0 0 0 0 0 0 0 0 0 0 0 0 0 0 0 0 0 0 0 0 0 0 0 0 0 0 0 0 0 0 0 0 0 0 0 0 0 0 0 0 0 0 0 0 27 9 0 27 9 0 27 9 0 126 99 0 99 99 0 0 0 99 99 99 99 45 90 45 45 0 45 9 0 45 54 18 0 99 0 99 0 0 0 27 0 0 0 0 0 0 0 0 0 0 0 0 0 0 0 0 0 0 0 0 0 0 0 0 0 0 0 93 93 93 0 0 24 0 0 72 72 72 0 0 0 72 0 0 72 54 54 54 0 0 0 0 0 0 0 0 72 72 0 0 9 9 0 0 0 0 0 0 0 0 0 0 0 0 0 0 0 0 0 0 0 0 0 0 0 0 0 0 0 0 0 9 9 0 9 0 0 174 174 174 174 174 174 174 174 96 96 96 0 174 174 0 0 0 0 0 0 0 0 0 0 0 0 0 0 0 174 0 0 0 174 0 0 174 174 174 174 174 0 0 0 174 0 0 0 0 0 0 0 0 0 0 0 0 0 0 0 0 0 0 0 0 0 0 0 174 174 0 0 174 0 0 0 0 0 0 0 0 0 0 0 0 0 0 0 0 0 0 0 0 0 0 0 0 0 0 0 0 0 0 0 0 0 0 0 0 0 0 0 0 0 0 0 0 0 0 0 0 0 0 0 0 0 0 0 0 0 0 0 0 0 0 0 0 0 0 0 0 0 0 0 0 0 0 0 0 0 0 0 0 0 0 0 0 0 0 0 0 0 0 0 0 0 0 0 0 0 0 0 0 0 0 0 0 0 0 0 0 0 0 0 0 9 0 0 9 
107:/data/data/com.termux/files/usr/share/lua/5.3/moonscript/transform/statements.lua
0 0 0 0 0 0 0 0 0 0 129 0 0 0 0 0 129 129 129 0 0 0 0 0 129 129 129 0 0 0 0 0 0 0 102 102 93 93 93 0 0 93 0 0 0 102 0 0 0 102 102 0 0 102 102 102 348 246 93 93 93 0 93 0 153 0 246 0 102 102 0 0 0 243 243 0 0 0 102 102 0 102 102 0 0 0 102 9 9 93 21 0 0 21 0 0 72 0 0 72 72 0 72 0 0 102 102 
48:/data/data/com.termux/files/usr/share/lua/5.3/moonscript/transform/transformer.lua
0 0 0 0 0 0 0 150 0 0 150 150 150 150 0 0 0 0 0 1575 369 0 1206 0 1317 1317 1317 657 0 660 0 1317 1206 0 111 0 0 0 0 0 1575 360 0 0 0 0 0 21 
235:/data/data/com.termux/files/usr/share/lua/5.3/moonscript/transform/value.lua
0 0 0 0 0 0 0 0 0 0 0 0 0 0 0 0 0 0 0 0 0 0 0 0 0 0 0 0 0 0 0 0 0 0 0 0 0 0 0 0 0 0 0 120 120 0 0 0 0 0 0 0 0 0 0 0 0 0 0 0 0 0 0 120 120 120 120 0 0 0 0 0 0 0 0 0 0 0 0 0 0 0 0 0 0 0 0 0 0 0 0 0 0 0 0 0 0 0 0 0 0 0 0 0 0 0 0 0 0 0 0 0 0 0 0 0 0 0 0 0 0 0 0 0 0 0 0 0 0 0 0 0 0 0 0 78 78 78 156 87 78 78 78 78 0 0 0 0 0 0 0 0 0 0 0 0 0 0 0 0 0 0 0 0 0 0 813 570 570 0 0 0 0 0 0 0 0 0 0 243 0 0 0 0 0 243 0 0 0 0 0 0 0 0 0 0 0 0 0 0 0 0 0 0 0 0 0 0 0 0 0 0 0 0 0 0 0 0 0 0 0 0 0 0 0 0 0 0 0 0 0 0 0 0 243 
305:/data/data/com.termux/files/usr/share/lua/5.3/moonscript/types.lua
0 0 0 0 0 0 0 0 0 0 0 0 0 0 0 0 0 0 0 0 0 0 0 0 0 0 0 5730 5730 0 5730 5682 0 48 0 0 0 0 0 0 93 93 0 0 93 0 0 0 0 45 0 0 45 0 0 0 93 93 93 0 0 0 0 0 0 0 0 0 0 0 0 0 0 0 0 0 0 0 0 0 0 0 0 0 0 0 0 0 0 0 0 0 0 0 0 0 0 0 0 0 0 0 0 0 0 0 0 0 0 0 0 0 0 0 0 0 0 0 0 0 0 0 0 0 0 0 0 0 0 0 0 0 0 0 0 0 0 0 0 0 0 0 0 0 0 0 0 0 0 0 0 0 0 0 0 0 0 0 0 0 0 0 0 0 0 0 0 0 0 0 0 0 0 0 0 0 0 9 9 0 0 0 72 0 0 72 0 72 225 153 153 153 135 0 18 0 153 9 0 153 0 72 9 0 0 0 0 36 9 0 36 36 0 36 0 0 9 9 0 9 0 0 108 54 0 54 54 0 54 0 0 0 18 0 0 63 45 45 45 45 0 45 0 0 18 18 0 18 0 0 0 0 0 0 0 0 45 45 27 27 0 27 0 45 45 0 45 90 45 45 0 45 0 0 0 9 9 0 0 0 0 3 3 3 0 165 156 9 0 0 12 0 156 156 0 156 3 0 3 3 0 0 0 0 78 
188:/data/data/com.termux/files/usr/share/lua/5.3/moonscript/util.lua
0 0 0 0 0 0 0 0 0 0 0 0 0 0 0 0 0 0 0 0 0 0 11823 11823 2832 2832 2610 0 0 9213 0 0 0 0 96 1086 990 0 96 0 0 0 393 0 0 0 0 0 0 0 0 0 0 0 0 0 0 0 0 0 0 0 0 0 0 0 0 0 0 0 0 0 0 0 0 0 0 0 0 0 0 0 0 0 0 0 0 0 0 0 0 0 0 0 0 0 0 0 0 0 0 0 0 0 0 0 0 0 0 0 0 0 0 0 0 0 0 0 0 0 0 0 0 0 0 0 0 0 0 0 0 0 0 0 0 0 0 0 0 0 0 0 0 0 0 0 0 0 0 0 0 0 0 0 0 0 0 0 0 0 0 0 0 0 0 0 0 0 0 0 0 0 0 0 0 0 0 0 0 0 24 24 24 0 0 0 0 24 
565:/data/data/com.termux/files/usr/share/lua/5.3/pl/List.lua
0 0 0 0 0 0 0 0 0 0 0 0 0 0 0 0 0 0 0 0 3 3 3 3 3 3 3 0 3 3 0 0 3 3 0 3 0 3 0 0 0 0 0 0 0 0 3 0 0 0 3 0 3 0 3 0 3 0 0 0 0 0 0 3 0 0 0 0 0 0 0 0 0 0 0 0 3 0 0 0 0 3 0 0 0 3 0 0 0 0 3 0 0 3 0 3 0 0 0 0 0 3 0 0 0 3 0 0 0 0 0 0 3 0 0 0 3 0 0 0 0 3 0 3 0 0 0 0 0 3 0 0 0 3 0 0 0 0 0 0 0 3 0 0 0 0 3 0 0 0 0 0 0 3 0 0 0 3 0 3 0 0 0 0 0 0 0 0 3 3 0 0 0 0 3 0 3 0 0 0 0 3 0 0 0 0 0 3 0 0 0 0 3 0 0 0 3 0 0 0 0 3 0 3 0 0 0 3 0 0 0 0 0 0 0 3 0 0 0 0 3 0 0 0 0 0 0 0 3 0 0 0 0 0 0 0 0 3 0 3 0 0 0 3 0 0 3 0 3 0 0 0 0 0 0 0 0 0 0 0 3 0 0 0 0 0 0 0 0 0 0 0 0 0 0 0 3 0 0 3 0 3 0 0 0 0 0 0 0 0 3 0 3 0 0 0 0 0 0 0 3 0 0 0 0 0 0 0 0 3 0 0 0 0 0 0 3 0 0 0 0 0 0 3 0 0 0 0 0 3 0 0 0 0 3 0 0 0 0 0 3 0 0 0 0 0 3 0 0 0 0 0 3 0 0 0 3 0 0 0 0 0 0 3 0 0 0 0 0 0 0 3 0 0 0 0 3 0 3 0 0 0 0 3 0 0 0 0 3 0 0 0 0 0 3 0 0 0 0 3 0 0 0 0 0 3 0 0 0 0 0 3 0 3 0 0 0 0 0 0 3 0 0 3 0 0 0 0 0 0 0 0 3 0 3 0 0 0 0 0 0 3 0 0 3 0 0 0 0 0 0 0 0 3 0 3 0 0 0 0 0 0 0 3 0 0 0 0 0 0 0 3 0 0 0 0 0 3 0 3 0 0 0 0 0 0 0 0 0 0 0 3 0 3 0 0 0 0 0 3 0 3 0 0 0 0 0 0 0 0 3 0 0 0 0 0 0 0 0 0 0 3 0 0 3 0 3 0 0 0 0 0 0 0 3 0 0 0 0 0 0 0 0 0 0 0 0 0 0 0 0 0 0 0 0 0 0 0 0 0 0 3 3 0 3 
214:/data/data/com.termux/files/usr/share/lua/5.3/pl/class.lua
0 0 0 0 0 0 0 0 0 0 0 0 0 0 0 0 0 0 0 0 0 0 0 0 0 0 0 0 0 0 0 0 0 0 0 0 0 0 0 0 0 0 0 0 0 0 0 0 0 0 0 0 0 0 0 0 0 0 0 0 0 0 0 0 0 0 0 0 0 0 0 0 0 0 0 0 0 0 0 0 0 0 0 0 0 0 0 0 0 0 0 0 0 0 0 0 0 0 0 0 0 0 0 0 0 0 0 0 0 0 0 0 0 0 0 0 0 0 0 0 0 0 0 0 3 0 3 3 0 0 0 3 0 0 3 0 0 0 0 0 0 3 0 0 0 3 3 3 3 0 0 3 0 0 0 0 0 0 0 0 0 0 0 0 0 0 0 0 0 0 0 0 0 0 0 0 0 0 3 0 0 0 0 0 0 0 0 3 3 3 3 3 0 3 3 0 0 3 0 0 0 0 0 0 0 0 0 0 0 0 0 0 0 3 
475:/data/data/com.termux/files/usr/share/lua/5.3/pl/dir.lua
0 0 0 0 0 0 0 3 3 3 3 3 3 3 3 3 3 3 3 3 0 3 0 0 3 3 0 0 3 6 0 0 33 33 3 0 0 0 0 0 0 0 0 0 0 3 0 0 0 3 0 0 0 0 0 0 3 0 0 0 0 0 0 0 0 3 0 0 0 0 0 0 0 0 0 0 0 0 0 0 3 0 0 0 0 0 0 3 0 0 0 0 0 0 0 0 0 0 3 0 0 0 0 0 3 0 0 3 0 3 0 0 0 0 0 0 0 0 0 0 0 0 0 0 3 0 0 0 0 0 0 0 0 0 0 0 0 0 0 0 0 0 0 0 0 0 0 0 0 0 0 0 0 0 0 0 0 0 0 0 0 0 0 0 0 0 0 0 0 0 0 0 0 0 0 0 0 0 0 0 0 0 3 0 0 0 3 0 0 0 0 0 0 0 0 0 0 0 0 0 0 0 0 0 0 0 0 0 0 0 0 0 0 0 0 0 0 0 0 0 0 0 0 0 0 0 0 0 3 0 0 0 0 0 0 0 3 0 0 0 0 3 0 0 0 0 0 0 3 0 0 0 3 0 0 0 0 0 0 0 0 0 0 0 0 0 0 0 0 3 0 0 0 0 0 0 0 0 0 3 0 0 0 0 0 0 0 0 0 0 0 0 0 0 3 0 0 0 0 0 0 0 0 3 0 0 0 0 0 0 3 0 0 0 0 0 0 0 0 0 0 0 3 0 3 3 0 0 3 0 0 3 3 0 0 0 0 0 0 0 0 0 0 0 0 3 0 0 0 0 0 0 3 0 0 0 0 0 3 0 0 0 0 0 0 0 0 0 0 0 0 0 0 3 0 0 0 0 0 0 0 0 0 0 0 0 0 0 0 0 0 0 0 0 0 0 0 0 0 0 0 0 0 0 0 0 0 0 0 0 0 0 0 0 0 3 0 0 0 0 0 3 3 3 3 0 3 3 0 0 0 0 54 48 36 36 36 36 36 3 0 0 0 0 9 0 6 3 0 0 0 0 0 0 0 0 3 3 3 0 3 3 39 36 33 33 33 0 0 0 0 3 3 0 3 
275:/data/data/com.termux/files/usr/share/lua/5.3/pl/path.lua
0 0 0 0 0 0 0 0 0 0 0 0 0 0 0 0 0 0 0 0 0 0 0 0 0 0 0 0 0 0 0 0 0 0 0 0 0 0 0 0 0 0 0 0 0 0 0 0 0 0 0 0 0 0 42 42 0 0 42 0 0 0 0 0 3 3 0 0 0 0 0 0 0 0 0 0 0 0 0 0 0 0 0 0 0 0 0 0 0 0 36 36 0 0 0 0 0 0 0 0 0 0 0 0 0 0 0 0 0 0 0 0 0 0 0 0 0 5775 0 0 0 0 0 0 0 0 0 0 0 0 0 0 0 0 0 0 0 0 0 0 0 0 0 0 0 0 0 0 0 579 579 579 5625 5046 5046 0 579 0 0 579 0 0 0 0 0 0 0 0 0 0 0 0 0 0 0 0 0 0 0 0 0 0 0 0 0 0 0 30 30 30 150 120 0 0 120 120 0 30 0 0 30 0 0 0 0 0 0 546 546 546 0 0 0 0 0 33 33 33 0 0 0 0 0 30 30 30 0 0 0 0 0 0 0 0 0 0 0 0 0 0 0 0 0 0 0 0 0 0 0 0 0 0 0 0 0 0 0 0 0 0 0 0 0 0 0 0 0 0 0 0 66 66 0 0 66 
830:/data/data/com.termux/files/usr/share/lua/5.3/pl/tablex.lua
0 0 0 0 0 0 0 0 0 0 0 0 0 0 0 0 0 0 0 0 0 6 6 0 0 0 0 0 0 0 0 0 0 0 0 0 0 0 6 0 0 6 0 0 18 0 0 18 0 0 0 0 0 0 0 0 0 0 0 0 0 0 0 0 0 0 0 0 0 0 0 0 0 0 0 0 0 0 0 0 0 0 0 0 0 0 0 0 0 18 18 1803 1785 0 18 0 0 0 0 0 0 0 0 0 0 0 0 0 0 0 0 0 0 0 0 0 0 0 0 0 0 0 0 0 0 0 0 0 0 0 0 0 0 0 0 0 0 0 0 0 0 0 0 0 0 0 0 0 0 0 0 0 0 0 0 0 0 0 0 0 0 0 0 0 0 0 0 0 0 0 0 0 0 0 0 0 0 0 0 0 0 0 0 0 0 0 0 0 0 0 0 0 0 0 0 0 0 0 0 0 0 0 0 0 0 0 0 0 0 0 0 0 0 0 0 0 0 0 0 0 0 0 0 0 0 0 0 0 0 0 0 0 0 0 0 0 0 0 0 0 0 0 0 0 0 0 0 0 0 0 0 0 0 0 0 0 0 0 0 0 0 0 0 0 0 0 0 0 0 0 0 0 0 0 0 0 0 0 0 0 0 0 0 0 0 0 0 0 0 0 0 0 0 0 0 0 0 0 0 0 0 0 0 0 0 0 0 0 0 0 0 0 0 0 0 0 0 0 0 0 0 0 0 0 0 0 0 0 0 0 0 0 0 0 0 0 0 0 0 0 0 0 0 0 0 0 0 0 0 0 0 0 0 0 0 0 0 0 0 0 0 0 0 0 0 0 0 0 0 0 0 0 0 0 0 0 0 0 0 0 0 0 0 0 0 0 0 0 0 0 0 0 0 0 0 0 0 0 0 0 0 0 0 0 0 0 0 0 0 0 0 0 0 0 0 0 0 0 0 0 0 0 0 0 0 0 0 0 0 0 0 0 0 0 0 0 0 0 0 0 0 0 0 0 0 0 0 0 0 0 0 0 0 0 0 0 0 0 0 0 0 0 0 0 0 0 0 0 0 0 0 0 0 0 0 0 0 0 0 0 0 0 0 0 0 0 0 0 0 0 0 0 0 0 0 0 0 0 0 0 0 0 0 0 0 0 0 0 0 0 0 0 0 0 0 0 0 0 0 0 0 0 0 0 0 0 0 0 0 0 0 0 0 0 0 0 0 0 0 0 0 0 0 0 0 0 0 0 0 0 0 0 0 0 0 0 0 0 0 0 0 0 0 0 0 0 0 0 0 0 0 0 0 0 0 0 0 0 0 0 0 0 0 0 0 0 0 0 0 0 0 0 0 0 0 0 0 0 0 0 0 0 0 0 0 0 0 0 0 0 0 0 0 0 0 0 0 0 0 0 0 0 0 0 0 0 0 0 0 0 0 0 0 0 0 0 0 0 0 0 0 0 0 0 0 0 0 0 0 0 0 0 0 0 0 0 0 0 0 0 0 0 0 0 0 6 6 6 54 48 48 30 30 0 0 6 0 0 0 0 0 0 0 0 0 0 0 0 0 0 0 0 0 0 0 0 0 0 0 0 0 0 0 0 0 0 0 0 0 0 0 0 0 0 0 0 0 0 0 0 0 0 0 0 0 0 0 0 0 0 0 0 0 0 0 0 0 0 0 0 0 0 0 0 0 0 0 0 0 0 0 0 0 0 0 0 0 0 0 0 0 0 0 0 0 0 0 0 0 0 0 0 0 0 0 0 0 0 0 0 0 0 0 0 0 0 0 0 0 0 0 0 0 0 0 0 0 0 0 0 0 0 0 0 0 0 0 0 0 0 0 0 0 3 3 3 3 0 0 0 3 3 0 0 3 18 15 0 0 3 
115:/data/data/com.termux/files/usr/share/lua/5.3/pl/types.lua
0 0 0 0 0 0 0 0 0 0 0 0 0 0 0 0 0 0 0 0 0 0 0 0 0 0 0 0 0 0 0 0 0 0 0 0 0 0 0 0 0 0 0 0 0 0 0 0 0 0 0 0 0 0 0 0 0 0 0 0 0 0 0 0 0 0 0 0 0 0 0 0 0 0 0 0 0 0 0 0 0 0 0 0 24 0 0 0 0 0 0 0 0 0 0 0 0 0 6 6 0 0 0 0 0 0 0 0 0 0 0 0 0 18 18 
462:/data/data/com.termux/files/usr/share/lua/5.3/pl/utils.lua
0 0 0 0 0 0 0 0 0 0 0 0 0 0 0 0 0 0 0 0 0 0 0 0 0 0 0 0 0 0 0 0 0 0 0 0 0 0 0 0 0 0 0 0 0 0 0 0 0 0 0 0 0 0 0 0 0 0 0 0 0 0 0 0 0 0 0 0 0 0 0 0 0 0 0 0 0 0 0 0 0 0 0 0 0 0 0 0 0 0 0 0 0 0 0 0 0 0 0 0 0 0 0 0 0 0 0 0 0 0 0 0 0 0 0 0 0 0 0 0 0 0 0 0 0 0 0 0 0 0 0 0 0 0 0 0 0 0 0 0 0 0 0 0 0 0 0 0 0 0 0 0 0 0 0 0 0 0 0 0 0 0 0 0 0 0 0 0 0 0 0 0 0 0 0 0 0 0 0 0 0 0 0 0 0 1410 0 0 1410 0 0 1410 0 0 0 0 0 0 0 0 0 0 0 0 0 6 6 6 0 0 0 0 0 0 0 0 0 0 0 0 0 0 0 0 0 0 0 0 0 0 0 0 0 0 0 0 0 0 0 0 0 0 0 0 0 1398 0 0 0 0 0 0 0 0 0 0 0 0 0 0 0 0 0 0 0 0 0 0 0 0 0 0 0 0 0 0 0 0 0 0 0 0 0 0 0 0 0 0 0 0 0 0 0 0 0 0 0 0 0 0 0 0 0 0 0 0 0 0 0 0 0 0 0 0 0 0 0 0 0 0 0 0 0 0 0 0 0 0 0 0 0 0 0 0 0 0 0 0 0 0 0 0 0 0 0 0 0 0 0 0 0 0 0 0 0 0 0 0 0 0 0 0 0 0 0 0 0 0 0 0 0 0 0 0 0 0 0 0 0 0 0 0 0 0 0 0 0 0 0 0 0 0 0 0 0 0 0 0 0 0 0 0 0 0 0 0 0 0 0 0 0 0 0 0 0 0 0 0 0 0 0 0 0 0 0 0 0 0 0 0 0 0 0 0 0 0 0 0 0 0 0 0 0 0 0 0 0 0 0 0 0 0 0 0 0 0 0 0 0 0 33 33 
48:/data/data/com.termux/files/usr/share/lua/5.3/say/init.lua
0 0 0 0 0 0 0 0 0 0 0 0 0 3 3 0 0 3 0 0 0 0 0 0 0 0 0 57 57 0 0 0 0 48 0 48 0 48 0 0 48 48 0 120 72 0 0 48 
39:/data/data/com.termux/files/usr/share/lua/5.3/term/colors.lua
0 0 0 0 0 0 0 0 0 0 0 0 0 0 0 0 0 0 0 0 0 0 0 0 0 0 0 0 0 0 54 0 0 0 54 0 0 0 27 
1:src/fbp/Edge.test.moon
3 
1:src/fbp/Graph.test.moon
3 
1:src/fbp/Network.test.moon
3 
88:src/fbp/Node.test.moon
3 3 6 6 6 6 3 0 3 3 3 3 6 6 3 0 3 3 3 3 6 6 3 0 3 3 3 3 3 6 6 6 3 0 6 3 0 3 3 3 3 3 3 6 6 6 3 0 6 3 0 3 3 3 3 3 3 3 6 6 6 3 0 6 3 0 3 3 3 3 3 3 6 6 6 3 0 6 3 0 3 3 3 3 3 3 3 3 
13:src/fbp/Port.test.moon
3 6 6 6 6 3 0 3 3 3 3 3 3 
